Arguments: 
  D:\programs\nodejs\node.exe D:\programs\nodejs\node_modules\yarn\bin\yarn.js add md5

PATH: 
  C:\Program Files (x86)\Common Files\Intel\Shared Libraries\redist\intel64\compiler;C:\Program Files\Common Files\Oracle\Java\javapath;D:\programs\VM Workstation pro 16\bin\;C:\ProgramData\Oracle\Java\javapath;C:\Program Files (x86)\Common Files\NetSarang;C:\Windows\system32;C:\Windows;C:\Windows\System32\Wbem;C:\Windows\System32\WindowsPowerShell\v1.0\;C:\Windows\System32\OpenSSH\;C:\Program Files (x86)\NVIDIA Corporation\PhysX\Common;C:\Program Files\NVIDIA Corporation\NVIDIA NvDLISR;D;\软件\Typora;\phpstudy_pro\Extensions\php\php7.3.4nts;C:\Users\admin\AppData\Roaming\Composer\vendor\bin;C:\Users\admin\AppData\Local\ComposerSetup\bin;D:\Git\cmd;D:\programs\xshell7\;D:\programs\xftp7\;D:\programs\ngrok;C:\WINDOWS\system32;C:\WINDOWS;C:\WINDOWS\System32\Wbem;C:\WINDOWS\System32\WindowsPowerShell\v1.0\;C:\WINDOWS\System32\OpenSSH\;D:\programs\Java\jdk-17.0.1\bin;C:\Users\admin\.cargo\bin;D:\mysql\MySQL Server 8.0\bin;%NVM_HOME%;%NVM_SYMLINK%;D:\programs\微信web开发者工具\dll;C:\Program Files\MySQL\MySQL Shell 8.0\bin\;C:\Users\admin\AppData\Local\Microsoft\WindowsApps;D:\软件\Microsoft VS Code\bin;D:\软件\Bandizip\;D:\phpstudy_pro\Extensions\php\php7.3.4nts;D:\programs\nvm;D:\programs\nodejs

Yarn version: 
  1.22.18

Node version: 
  16.15.0

Platform: 
  win32 x64

Trace: 
  Error: certificate has expired
      at TLSSocket.onConnectSecure (node:_tls_wrap:1532:34)
      at TLSSocket.emit (node:events:527:28)
      at TLSSocket._finishInit (node:_tls_wrap:946:8)
      at TLSWrap.ssl.onhandshakedone (node:_tls_wrap:727:12)

npm manifest: 
  {
    "dependencies": {
      "@dcloudio/uni-ui": "^1.4.15",
      "@types/vue": "^2.0.0",
      "md5": "^2.3.0",
      "pinia": "^2.0.14"
    },
    "devDependencies": {
      "@dcloudio/types": "^2.6.10",
      "@types/md5": "^2.3.2"
    }
  }

yarn manifest: 
  No manifest

Lockfile: 
  # THIS IS AN AUTOGENERATED FILE. DO NOT EDIT THIS FILE DIRECTLY.
  # yarn lockfile v1
  
  
  "@babel/parser@^7.16.4":
    version "7.18.3"
    resolved "https://registry.npmmirror.com/@babel/parser/-/parser-7.18.3.tgz"
    integrity sha512-rL50YcEuHbbauAFAysNsJA4/f89fGTOBRNs9P81sniKnKAr4xULe5AecolcsKbi88xu0ByWYDj/S1AJ3FSFuSQ==
  
  "@dcloudio/types@^2.6.10":
    version "2.6.10"
    resolved "https://registry.npmmirror.com/@dcloudio/types/-/types-2.6.10.tgz"
    integrity sha512-KBMMb+vDw7XeobwKsBh9RY+yLuL9ZKaWWgRFctd62b1zMrsWhweIyyvigvqutgaE3wCwj7T71HoA7SHxC+SYnw==
  
  "@dcloudio/uni-ui@^1.4.15":
    version "1.4.15"
    resolved "https://registry.npmmirror.com/@dcloudio/uni-ui/-/uni-ui-1.4.15.tgz"
    integrity sha512-V/qg2N78XAEnKyPM5sXa0QDjw0+JIyZi3LBwmpggztsFM2uOI3JevLeAUzpk59Z+kJVbISXaaB26OfdD+Tf1aw==
  
  "@types/md5@^2.3.2":
    version "2.3.2"
    resolved "https://registry.npmmirror.com/@types/md5/-/md5-2.3.2.tgz"
    integrity sha512-v+JFDu96+UYJ3/UWzB0mEglIS//MZXgRaJ4ubUPwOM0gvLc/kcQ3TWNYwENEK7/EcXGQVrW8h/XqednSjBd/Og==
  
  "@types/vue@^2.0.0":
    version "2.0.0"
    resolved "https://registry.npmmirror.com/@types/vue/-/vue-2.0.0.tgz"
    integrity sha512-WDElkBv/o4lVwu6wYHB06AXs4Xo2fwDjJUpvPRc1QQdzkUSiGFjrYuSCy8raxLE5FObgKq8ND7R5gSZTFLK60w==
    dependencies:
      vue "*"
  
  "@vue/compiler-core@3.2.36":
    version "3.2.36"
    resolved "https://registry.npmmirror.com/@vue/compiler-core/-/compiler-core-3.2.36.tgz"
    integrity sha512-bbyZM5hvBicv0PW3KUfVi+x3ylHnfKG7DOn5wM+f2OztTzTjLEyBb/5yrarIYpmnGitVGbjZqDbODyW4iK8hqw==
    dependencies:
      "@babel/parser" "^7.16.4"
      "@vue/shared" "3.2.36"
      estree-walker "^2.0.2"
      source-map "^0.6.1"
  
  "@vue/compiler-dom@3.2.36":
    version "3.2.36"
    resolved "https://registry.npmmirror.com/@vue/compiler-dom/-/compiler-dom-3.2.36.tgz"
    integrity sha512-tcOTAOiW4s24QLnq+ON6J+GRONXJ+A/mqKCORi0LSlIh8XQlNnlm24y8xIL8la+ZDgkdbjarQ9ZqYSvEja6gVA==
    dependencies:
      "@vue/compiler-core" "3.2.36"
      "@vue/shared" "3.2.36"
  
  "@vue/compiler-sfc@3.2.36":
    version "3.2.36"
    resolved "https://registry.npmmirror.com/@vue/compiler-sfc/-/compiler-sfc-3.2.36.tgz"
    integrity sha512-AvGb4bTj4W8uQ4BqaSxo7UwTEqX5utdRSMyHy58OragWlt8nEACQ9mIeQh3K4di4/SX+41+pJrLIY01lHAOFOA==
    dependencies:
      "@babel/parser" "^7.16.4"
      "@vue/compiler-core" "3.2.36"
      "@vue/compiler-dom" "3.2.36"
      "@vue/compiler-ssr" "3.2.36"
      "@vue/reactivity-transform" "3.2.36"
      "@vue/shared" "3.2.36"
      estree-walker "^2.0.2"
      magic-string "^0.25.7"
      postcss "^8.1.10"
      source-map "^0.6.1"
  
  "@vue/compiler-ssr@3.2.36":
    version "3.2.36"
    resolved "https://registry.npmmirror.com/@vue/compiler-ssr/-/compiler-ssr-3.2.36.tgz"
    integrity sha512-+KugInUFRvOxEdLkZwE+W43BqHyhBh0jpYXhmqw1xGq2dmE6J9eZ8UUSOKNhdHtQ/iNLWWeK/wPZkVLUf3YGaw==
    dependencies:
      "@vue/compiler-dom" "3.2.36"
      "@vue/shared" "3.2.36"
  
  "@vue/devtools-api@^6.1.4":
    version "6.1.4"
    resolved "https://registry.npmmirror.com/@vue/devtools-api/-/devtools-api-6.1.4.tgz"
    integrity sha512-IiA0SvDrJEgXvVxjNkHPFfDx6SXw0b/TUkqMcDZWNg9fnCAHbTpoo59YfJ9QLFkwa3raau5vSlRVzMSLDnfdtQ==
  
  "@vue/reactivity-transform@3.2.36":
    version "3.2.36"
    resolved "https://registry.npmmirror.com/@vue/reactivity-transform/-/reactivity-transform-3.2.36.tgz"
    integrity sha512-Jk5o2BhpODC9XTA7o4EL8hSJ4JyrFWErLtClG3NH8wDS7ri9jBDWxI7/549T7JY9uilKsaNM+4pJASLj5dtRwA==
    dependencies:
      "@babel/parser" "^7.16.4"
      "@vue/compiler-core" "3.2.36"
      "@vue/shared" "3.2.36"
      estree-walker "^2.0.2"
      magic-string "^0.25.7"
  
  "@vue/reactivity@3.2.36":
    version "3.2.36"
    resolved "https://registry.npmmirror.com/@vue/reactivity/-/reactivity-3.2.36.tgz"
    integrity sha512-c2qvopo0crh9A4GXi2/2kfGYMxsJW4tVILrqRPydVGZHhq0fnzy6qmclWOhBFckEhmyxmpHpdJtIRYGeKcuhnA==
    dependencies:
      "@vue/shared" "3.2.36"
  
  "@vue/runtime-core@3.2.36":
    version "3.2.36"
    resolved "https://registry.npmmirror.com/@vue/runtime-core/-/runtime-core-3.2.36.tgz"
    integrity sha512-PTWBD+Lub+1U3/KhbCExrfxyS14hstLX+cBboxVHaz+kXoiDLNDEYAovPtxeTutbqtClIXtft+wcGdC+FUQ9qQ==
    dependencies:
      "@vue/reactivity" "3.2.36"
      "@vue/shared" "3.2.36"
  
  "@vue/runtime-dom@3.2.36":
    version "3.2.36"
    resolved "https://registry.npmmirror.com/@vue/runtime-dom/-/runtime-dom-3.2.36.tgz"
    integrity sha512-gYPYblm7QXHVuBohqNRRT7Wez0f2Mx2D40rb4fleehrJU9CnkjG0phhcGEZFfGwCmHZRqBCRgbFWE98bPULqkg==
    dependencies:
      "@vue/runtime-core" "3.2.36"
      "@vue/shared" "3.2.36"
      csstype "^2.6.8"
  
  "@vue/server-renderer@3.2.36":
    version "3.2.36"
    resolved "https://registry.npmmirror.com/@vue/server-renderer/-/server-renderer-3.2.36.tgz"
    integrity sha512-uZE0+jfye6yYXWvAQYeHZv+f50sRryvy16uiqzk3jn8hEY8zTjI+rzlmZSGoE915k+W/Ol9XSw6vxOUD8dGkUg==
    dependencies:
      "@vue/compiler-ssr" "3.2.36"
      "@vue/shared" "3.2.36"
  
  "@vue/shared@3.2.36":
    version "3.2.36"
    resolved "https://registry.npmmirror.com/@vue/shared/-/shared-3.2.36.tgz"
    integrity sha512-JtB41wXl7Au3+Nl3gD16Cfpj7k/6aCroZ6BbOiCMFCMvrOpkg/qQUXTso2XowaNqBbnkuGHurLAqkLBxNGc1hQ==
  
  charenc@0.0.2:
    version "0.0.2"
    resolved "https://registry.npmmirror.com/charenc/-/charenc-0.0.2.tgz"
    integrity sha512-yrLQ/yVUFXkzg7EDQsPieE/53+0RlaWTs+wBrvW36cyilJ2SaDWfl4Yj7MtLTXleV9uEKefbAGUPv2/iWSooRA==
  
  crypt@0.0.2:
    version "0.0.2"
    resolved "https://registry.npmmirror.com/crypt/-/crypt-0.0.2.tgz"
    integrity sha512-mCxBlsHFYh9C+HVpiEacem8FEBnMXgU9gy4zmNC+SXAZNB/1idgp/aulFJ4FgCi7GPEVbfyng092GqL2k2rmow==
  
  csstype@^2.6.8:
    version "2.6.20"
    resolved "https://registry.npmmirror.com/csstype/-/csstype-2.6.20.tgz"
    integrity sha512-/WwNkdXfckNgw6S5R125rrW8ez139lBHWouiBvX8dfMFtcn6V81REDqnH7+CRpRipfYlyU1CmOnOxrmGcFOjeA==
  
  estree-walker@^2.0.2:
    version "2.0.2"
    resolved "https://registry.npmmirror.com/estree-walker/-/estree-walker-2.0.2.tgz"
    integrity sha512-Rfkk/Mp/DL7JVje3u18FxFujQlTNR2q6QfMSMB7AvCBx91NGj/ba3kCfza0f6dVDbw7YlRf/nDrn7pQrCCyQ/w==
  
  is-buffer@~1.1.6:
    version "1.1.6"
    resolved "https://registry.npmmirror.com/is-buffer/-/is-buffer-1.1.6.tgz"
    integrity sha512-NcdALwpXkTm5Zvvbk7owOUSvVvBKDgKP5/ewfXEznmQFfs4ZRmanOeKBTjRVjka3QFoN6XJ+9F3USqfHqTaU5w==
  
  magic-string@^0.25.7:
    version "0.25.9"
    resolved "https://registry.npmmirror.com/magic-string/-/magic-string-0.25.9.tgz"
    integrity sha512-RmF0AsMzgt25qzqqLc1+MbHmhdx0ojF2Fvs4XnOqz2ZOBXzzkEwc/dJQZCYHAn7v1jbVOjAZfK8msRn4BxO4VQ==
    dependencies:
      sourcemap-codec "^1.4.8"
  
  md5@^2.3.0:
    version "2.3.0"
    resolved "https://registry.npmmirror.com/md5/-/md5-2.3.0.tgz#c3da9a6aae3a30b46b7b0c349b87b110dc3bda4f"
    integrity sha512-T1GITYmFaKuO91vxyoQMFETst+O71VUPEU3ze5GNzDm0OWdP8v1ziTaAEPUr/3kLsY3Sftgz242A1SetQiDL7g==
    dependencies:
      charenc "0.0.2"
      crypt "0.0.2"
      is-buffer "~1.1.6"
  
  nanoid@^3.3.4:
    version "3.3.4"
    resolved "https://registry.npmmirror.com/nanoid/-/nanoid-3.3.4.tgz"
    integrity sha512-MqBkQh/OHTS2egovRtLk45wEyNXwF+cokD+1YPf9u5VfJiRdAiRwB2froX5Co9Rh20xs4siNPm8naNotSD6RBw==
  
  picocolors@^1.0.0:
    version "1.0.0"
    resolved "https://registry.npmmirror.com/picocolors/-/picocolors-1.0.0.tgz"
    integrity sha512-1fygroTLlHu66zi26VoTDv8yRgm0Fccecssto+MhsZ0D/DGW2sm8E8AjW7NU5VVTRt5GxbeZ5qBuJr+HyLYkjQ==
  
  pinia@^2.0.14:
    version "2.0.14"
    resolved "https://registry.npmmirror.com/pinia/-/pinia-2.0.14.tgz"
    integrity sha512-0nPuZR4TetT/WcLN+feMSjWJku3SQU7dBbXC6uw+R6FLQJCsg+/0pzXyD82T1FmAYe0lsx+jnEDQ1BLgkRKlxA==
    dependencies:
      "@vue/devtools-api" "^6.1.4"
      vue-demi "*"
  
  postcss@^8.1.10:
    version "8.4.14"
    resolved "https://registry.npmmirror.com/postcss/-/postcss-8.4.14.tgz"
    integrity sha512-E398TUmfAYFPBSdzgeieK2Y1+1cpdxJx8yXbK/m57nRhKSmk1GB2tO4lbLBtlkfPQTDKfe4Xqv1ASWPpayPEig==
    dependencies:
      nanoid "^3.3.4"
      picocolors "^1.0.0"
      source-map-js "^1.0.2"
  
  source-map-js@^1.0.2:
    version "1.0.2"
    resolved "https://registry.npmmirror.com/source-map-js/-/source-map-js-1.0.2.tgz"
    integrity sha512-R0XvVJ9WusLiqTCEiGCmICCMplcCkIwwR11mOSD9CR5u+IXYdiseeEuXCVAjS54zqwkLcPNnmU4OeJ6tUrWhDw==
  
  source-map@^0.6.1:
    version "0.6.1"
    resolved "https://registry.npmmirror.com/source-map/-/source-map-0.6.1.tgz"
    integrity sha512-UjgapumWlbMhkBgzT7Ykc5YXUT46F0iKu8SGXq0bcwP5dz/h0Plj6enJqjz1Zbq2l5WaqYnrVbwWOWMyF3F47g==
  
  sourcemap-codec@^1.4.8:
    version "1.4.8"
    resolved "https://registry.npmmirror.com/sourcemap-codec/-/sourcemap-codec-1.4.8.tgz"
    integrity sha512-9NykojV5Uih4lgo5So5dtw+f0JgJX30KCNI8gwhz2J9A15wD0Ml6tjHKwf6fTSa6fAdVBdZeNOs9eJ71qCk8vA==
  
  vue-demi@*:
    version "0.12.5"
    resolved "https://registry.npmmirror.com/vue-demi/-/vue-demi-0.12.5.tgz"
    integrity sha512-BREuTgTYlUr0zw0EZn3hnhC3I6gPWv+Kwh4MCih6QcAeaTlaIX0DwOVN0wHej7hSvDPecz4jygy/idsgKfW58Q==
  
  vue@*:
    version "3.2.36"
    resolved "https://registry.npmmirror.com/vue/-/vue-3.2.36.tgz"
    integrity sha512-5yTXmrE6gW8IQgttzHW5bfBiFA6mx35ZXHjGLDmKYzW6MMmYvCwuKybANRepwkMYeXw2v1buGg3/lPICY5YlZw==
    dependencies:
      "@vue/compiler-dom" "3.2.36"
      "@vue/compiler-sfc" "3.2.36"
      "@vue/runtime-dom" "3.2.36"
      "@vue/server-renderer" "3.2.36"
      "@vue/shared" "3.2.36"
